<?xml version="1.0" encoding="UTF-8"?>
<testsuite xmlns:xsi="http://www.w3.org/2001/XMLSchema-instance" xsi:noNamespaceSchemaLocation="https://maven.apache.org/surefire/maven-surefire-plugin/xsd/surefire-test-report.xsd" version="3.0.2" name="com.example.rentalsystem.controller.AuthControllerTest" time="3.92" tests="3" errors="0" skipped="0" failures="0">
  <properties>
[...]
</properties>
  <testcase name="testLoginAuthenticationError" classname="com.example.rentalsystem.controller.AuthControllerTest" time="3.73">
    <system-out><![CDATA[09:24:56,535 |-INFO in ch.qos.logback.classic.LoggerContext[default] - This is logback-classic version 1.5.18
09:24:56,549 |-INFO in ch.qos.logback.classic.util.ContextInitializer@504b8705 - Here is a list of configurators discovered as a service, by rank: 
09:24:56,549 |-INFO in ch.qos.logback.classic.util.ContextInitializer@504b8705 -   org.springframework.boot.logging.logback.RootLogLevelConfigurator
09:24:56,549 |-INFO in ch.qos.logback.classic.util.ContextInitializer@504b8705 - They will be invoked in order until ExecutionStatus.DO_NOT_INVOKE_NEXT_IF_ANY is returned.
09:24:56,549 |-INFO in ch.qos.logback.classic.util.ContextInitializer@504b8705 - Constructed configurator of type class org.springframework.boot.logging.logback.RootLogLevelConfigurator
09:24:56,549 |-INFO in ch.qos.logback.classic.util.ContextInitializer@504b8705 - org.springframework.boot.logging.logback.RootLogLevelConfigurator.configure() call lasted 0 milliseconds. ExecutionStatus=INVOKE_NEXT_IF_ANY
09:24:56,549 |-INFO in ch.qos.logback.classic.util.ContextInitializer@504b8705 - Trying to configure with ch.qos.logback.classic.joran.SerializedModelConfigurator
09:24:56,564 |-INFO in ch.qos.logback.classic.util.ContextInitializer@504b8705 - Constructed configurator of type class ch.qos.logback.classic.joran.SerializedModelConfigurator
09:24:56,564 |-INFO in ch.qos.logback.classic.LoggerContext[default] - Could NOT find resource [logback-test.scmo]
09:24:56,564 |-INFO in ch.qos.logback.classic.LoggerContext[default] - Could NOT find resource [logback.scmo]
09:24:56,564 |-INFO in ch.qos.logback.classic.util.ContextInitializer@504b8705 - ch.qos.logback.classic.joran.SerializedModelConfigurator.configure() call lasted 0 milliseconds. ExecutionStatus=INVOKE_NEXT_IF_ANY
09:24:56,564 |-INFO in ch.qos.logback.classic.util.ContextInitializer@504b8705 - Trying to configure with ch.qos.logback.classic.util.DefaultJoranConfigurator
09:24:56,564 |-INFO in ch.qos.logback.classic.util.ContextInitializer@504b8705 - Constructed configurator of type class ch.qos.logback.classic.util.DefaultJoranConfigurator
09:24:56,564 |-INFO in ch.qos.logback.classic.LoggerContext[default] - Could NOT find resource [logback-test.xml]
09:24:56,564 |-INFO in ch.qos.logback.classic.LoggerContext[default] - Found resource [logback.xml] at [file:/C:/Users/2398013/gencworkspace/FinalEvaluation/RentHub/target/classes/logback.xml]
09:24:56,896 |-INFO in ch.qos.logback.core.joran.util.ConfigurationWatchListUtil@24a8e40d - Adding [jar:file:/C:/Users/2398013/.m2/repository/org/springframework/boot/spring-boot/3.4.4/spring-boot-3.4.4.jar!/org/springframework/boot/logging/logback/defaults.xml] to configuration watch list.
09:24:56,896 |-INFO in ConfigurationWatchList(mainURL=file:/C:/Users/2398013/gencworkspace/FinalEvaluation/RentHub/target/classes/logback.xml, fileWatchList={C:\Users\2398013\gencworkspace\FinalEvaluation\RentHub\target\classes\logback.xml}, urlWatchList=[}) - Cannot watch [jar:file:/C:/Users/2398013/.m2/repository/org/springframework/boot/spring-boot/3.4.4/spring-boot-3.4.4.jar!/org/springframework/boot/logging/logback/defaults.xml] as its protocol is not one of file, http or https.
09:24:56,911 |-INFO in ch.qos.logback.core.model.processor.ConversionRuleModelHandler - registering conversion word applicationName with class [org.springframework.boot.logging.logback.ApplicationNameConverter]
09:24:56,911 |-INFO in ch.qos.logback.core.model.processor.ConversionRuleModelHandler - registering conversion word clr with class [org.springframework.boot.logging.logback.ColorConverter]
09:24:56,911 |-INFO in ch.qos.logback.core.model.processor.ConversionRuleModelHandler - registering conversion word correlationId with class [org.springframework.boot.logging.logback.CorrelationIdConverter]
09:24:56,911 |-INFO in ch.qos.logback.core.model.processor.ConversionRuleModelHandler - registering conversion word esb with class [org.springframework.boot.logging.logback.EnclosedInSquareBracketsConverter]
09:24:56,911 |-INFO in ch.qos.logback.core.model.processor.ConversionRuleModelHandler - registering conversion word wex with class [org.springframework.boot.logging.logback.WhitespaceThrowableProxyConverter]
09:24:56,911 |-INFO in ch.qos.logback.core.model.processor.ConversionRuleModelHandler - registering conversion word wEx with class [org.springframework.boot.logging.logback.ExtendedWhitespaceThrowableProxyConverter]
09:24:56,911 |-INFO in ch.qos.logback.core.model.processor.ModelInterpretationContext@763b0996 - value "%clr(%d{yyyy-MM-dd'T'HH:mm:ss.SSSXXX}){faint} %clr(%5p){} %clr(){magenta} %clr(--- %esb(){APPLICATION_NAME}%esb{APPLICATION_GROUP}[%15.15t] ){faint}%clr(%-40.40logger{39}){cyan} %clr(:){faint} %m%n%wEx" substituted for "${CONSOLE_LOG_PATTERN:-%clr(%d{${LOG_DATEFORMAT_PATTERN:-yyyy-MM-dd'T'HH:mm:ss.SSSXXX}}){faint} %clr(${LOG_LEVEL_PATTERN:-%5p}){} %clr(${PID:-}){magenta} %clr(--- %esb(){APPLICATION_NAME}%esb{APPLICATION_GROUP}[%15.15t] ${LOG_CORRELATION_PATTERN:-}){faint}%clr(%-40.40logger{39}){cyan} %clr(:){faint} %m%n${LOG_EXCEPTION_CONVERSION_WORD:-%wEx}}"
09:24:56,911 |-INFO in ch.qos.logback.core.model.processor.ModelInterpretationContext@763b0996 - value "UTF-8" substituted for "${CONSOLE_LOG_CHARSET:-${file.encoding:-UTF-8}}"
09:24:56,911 |-INFO in ch.qos.logback.core.model.processor.ModelInterpretationContext@763b0996 - value "TRACE" substituted for "${CONSOLE_LOG_THRESHOLD:-TRACE}"
09:24:56,911 |-INFO in ch.qos.logback.core.model.processor.ModelInterpretationContext@763b0996 - value "" substituted for "${CONSOLE_LOG_STRUCTURED_FORMAT:-}"
09:24:56,911 |-INFO in ch.qos.logback.core.model.processor.ModelInterpretationContext@763b0996 - value "%d{yyyy-MM-dd'T'HH:mm:ss.SSSXXX} %5p  --- %esb(){APPLICATION_NAME}%esb{APPLICATION_GROUP}[%t] %-40.40logger{39} : %m%n%wEx" substituted for "${FILE_LOG_PATTERN:-%d{${LOG_DATEFORMAT_PATTERN:-yyyy-MM-dd'T'HH:mm:ss.SSSXXX}} ${LOG_LEVEL_PATTERN:-%5p} ${PID:-} --- %esb(){APPLICATION_NAME}%esb{APPLICATION_GROUP}[%t] ${LOG_CORRELATION_PATTERN:-}%-40.40logger{39} : %m%n${LOG_EXCEPTION_CONVERSION_WORD:-%wEx}}"
09:24:56,911 |-INFO in ch.qos.logback.core.model.processor.ModelInterpretationContext@763b0996 - value "UTF-8" substituted for "${FILE_LOG_CHARSET:-${file.encoding:-UTF-8}}"
09:24:56,911 |-INFO in ch.qos.logback.core.model.processor.ModelInterpretationContext@763b0996 - value "TRACE" substituted for "${FILE_LOG_THRESHOLD:-TRACE}"
09:24:56,911 |-INFO in ch.qos.logback.core.model.processor.ModelInterpretationContext@763b0996 - value "" substituted for "${FILE_LOG_STRUCTURED_FORMAT:-}"
09:24:56,943 |-WARN in ch.qos.logback.core.model.processor.ImplicitModelHandler - Ignoring unknown property [springProperty] in [ch.qos.logback.classic.LoggerContext]
09:24:56,959 |-INFO in ch.qos.logback.classic.model.processor.LoggerModelHandler - Setting level of logger [org.apache.catalina.startup.DigesterFactory] to ERROR
09:24:56,959 |-INFO in ch.qos.logback.classic.model.processor.LoggerModelHandler - Setting level of logger [org.apache.catalina.util.LifecycleBase] to ERROR
09:24:56,959 |-INFO in ch.qos.logback.classic.model.processor.LoggerModelHandler - Setting level of logger [org.apache.coyote.http11.Http11NioProtocol] to WARN
09:24:56,959 |-INFO in ch.qos.logback.classic.model.processor.LoggerModelHandler - Setting level of logger [org.apache.sshd.common.util.SecurityUtils] to WARN
09:24:56,959 |-INFO in ch.qos.logback.classic.model.processor.LoggerModelHandler - Setting level of logger [org.apache.tomcat.util.net.NioSelectorPool] to WARN
09:24:56,959 |-INFO in ch.qos.logback.classic.model.processor.LoggerModelHandler - Setting level of logger [org.eclipse.jetty.util.component.AbstractLifeCycle] to ERROR
09:24:56,959 |-INFO in ch.qos.logback.classic.model.processor.LoggerModelHandler - Setting level of logger [org.hibernate.validator.internal.util.Version] to WARN
09:24:56,959 |-INFO in ch.qos.logback.classic.model.processor.LoggerModelHandler - Setting level of logger [org.springframework.boot.actuate.endpoint.jmx] to WARN
09:24:56,959 |-INFO in ch.qos.logback.core.model.processor.AppenderModelHandler - Processing appender named [CONSOLE]
09:24:56,959 |-INFO in ch.qos.logback.core.model.processor.AppenderModelHandler - About to instantiate appender of type [ch.qos.logback.core.ConsoleAppender]
09:24:56,979 |-INFO in ch.qos.logback.core.model.processor.ImplicitModelHandler - Assuming default type [ch.qos.logback.classic.encoder.PatternLayoutEncoder] for [encoder] property
09:24:56,980 |-INFO in ch.qos.logback.core.model.processor.ModelInterpretationContext@763b0996 - value "%d{yyyy-MM-dd HH:mm:ss} [appName_IS_UNDEFINED,%X{traceId}/%X{spanId}] %-5level %logger{36}
                - %msg%n" substituted for "%d{yyyy-MM-dd HH:mm:ss} [${appName},%X{traceId}/%X{spanId}] %-5level %logger{36}
                - %msg%n"
09:24:57,069 |-INFO in ch.qos.logback.core.ConsoleAppender[CONSOLE] - BEWARE: Writing to the console can be very slow. Avoid logging to the 
09:24:57,069 |-INFO in ch.qos.logback.core.ConsoleAppender[CONSOLE] - console in production environments, especially in high volume systems.
09:24:57,069 |-INFO in ch.qos.logback.core.ConsoleAppender[CONSOLE] - See also https://logback.qos.ch/codes.html#slowConsole
09:24:57,069 |-INFO in ch.qos.logback.core.model.processor.AppenderModelHandler - Processing appender named [FILE]
09:24:57,069 |-INFO in ch.qos.logback.core.model.processor.AppenderModelHandler - About to instantiate appender of type [ch.qos.logback.core.rolling.RollingFileAppender]
09:24:57,096 |-INFO in c.q.l.core.rolling.SizeAndTimeBasedRollingPolicy@946773976 - setting totalSizeCap to 300 MB
09:24:57,108 |-INFO in c.q.l.core.rolling.SizeAndTimeBasedRollingPolicy@946773976 - Archive files will be limited to [10 MB] each.
09:24:57,108 |-INFO in c.q.l.core.rolling.SizeAndTimeBasedRollingPolicy@946773976 - No compression will be used
09:24:57,126 |-INFO in c.q.l.core.rolling.SizeAndTimeBasedRollingPolicy@946773976 - Will use the pattern logs/app-%d{yyyy-MM-dd}.%i.log for the active file
09:24:57,138 |-INFO in ch.qos.logback.core.rolling.SizeAndTimeBasedFileNamingAndTriggeringPolicy@618f627b - The date pattern is 'yyyy-MM-dd' from file name pattern 'logs/app-%d{yyyy-MM-dd}.%i.log'.
09:24:57,138 |-INFO in ch.qos.logback.core.rolling.SizeAndTimeBasedFileNamingAndTriggeringPolicy@618f627b - Roll-over at midnight.
09:24:57,144 |-INFO in ch.qos.logback.core.rolling.SizeAndTimeBasedFileNamingAndTriggeringPolicy@618f627b - Setting initial period to 2025-06-04T03:54:41.288Z
09:24:57,154 |-INFO in ch.qos.logback.core.model.processor.ImplicitModelHandler - Assuming default type [ch.qos.logback.classic.encoder.PatternLayoutEncoder] for [encoder] property
09:24:57,154 |-INFO in ch.qos.logback.core.model.processor.ModelInterpretationContext@763b0996 - value "%d{yyyy-MM-dd HH:mm:ss} [appName_IS_UNDEFINED,%X{traceId}/%X{spanId}] %-5level %logger{36}
                - %msg%n" substituted for "%d{yyyy-MM-dd HH:mm:ss} [${appName},%X{traceId}/%X{spanId}] %-5level %logger{36}
                - %msg%n"
09:24:57,154 |-INFO in ch.qos.logback.core.rolling.RollingFileAppender[FILE] - Active log file name: logs/app.log
09:24:57,180 |-INFO in ch.qos.logback.core.rolling.RollingFileAppender[FILE] - Setting currentFileLength to 31692 for logs\app.log
09:24:57,180 |-INFO in ch.qos.logback.core.rolling.RollingFileAppender[FILE] - File property is set to [logs/app.log]
09:24:57,197 |-INFO in ch.qos.logback.classic.model.processor.RootLoggerModelHandler - Setting level of ROOT logger to INFO
09:24:57,197 |-INFO in ch.qos.logback.core.model.processor.AppenderRefModelHandler - Attaching appender named [CONSOLE] to Logger[ROOT]
09:24:57,207 |-INFO in ch.qos.logback.core.model.processor.AppenderRefModelHandler - Attaching appender named [FILE] to Logger[ROOT]
09:24:57,207 |-INFO in ch.qos.logback.core.model.processor.DefaultProcessor@10745a02 - End of configuration.
09:24:57,211 |-INFO in ch.qos.logback.classic.joran.JoranConfigurator@3e2d8623 - Registering current configuration as safe fallback point
09:24:57,211 |-INFO in ch.qos.logback.classic.util.ContextInitializer@504b8705 - ch.qos.logback.classic.util.DefaultJoranConfigurator.configure() call lasted 647 milliseconds. ExecutionStatus=DO_NOT_INVOKE_NEXT_IF_ANY

2025-06-04 09:24:57 [appName_IS_UNDEFINED,/] ERROR c.r.p.controller.AuthController
                - Exception Authentication failed
]]></system-out>
    <system-err><![CDATA[Mockito is currently self-attaching to enable the inline-mock-maker. This will no longer work in future releases of the JDK. Please add Mockito as an agent to your build what is described in Mockito's documentation: https://javadoc.io/doc/org.mockito/mockito-core/latest/org/mockito/Mockito.html#0.3
WARNING: A Java agent has been loaded dynamically (C:\Users\2398013\.m2\repository\net\bytebuddy\byte-buddy-agent\1.15.11\byte-buddy-agent-1.15.11.jar)
WARNING: If a serviceability tool is in use, please run with -XX:+EnableDynamicAgentLoading to hide this warning
WARNING: If a serviceability tool is not in use, please run with -Djdk.instrument.traceUsage for more information
WARNING: Dynamic loading of agents will be disallowed by default in a future release
]]></system-err>
  </testcase>
  <testcase name="testLoginSuccessful" classname="com.example.rentalsystem.controller.AuthControllerTest" time="0.142"/>
  <testcase name="testLoginInvalidCredentials" classname="com.example.rentalsystem.controller.AuthControllerTest" time="0.0">
    <system-out><![CDATA[2025-06-04 09:24:57 [appName_IS_UNDEFINED,/] ERROR c.r.p.controller.AuthController
                - BadCredentialsException Invalid username or password
]]></system-out>
  </testcase>
</testsuite>